<?xml version="1.0" encoding="UTF-8"?>
<!-- Generated by org.testng.reporters.JUnitXMLReporter -->
<testsuite ignored="0" hostname="DESKTOP-7J833FF" failures="1" tests="5" name="Default test(failed)" time="103.679" errors="0" timestamp="2022-06-16T23:45:32 IST">
  <testcase classname="com.crm.CreateContacts.CreateAContactAndVerifyInOrgTest" name="createAContactAndVerifyInOrgTest" time="12.892">
    <skipped/>
  </testcase> <!-- createAContactAndVerifyInOrgTest -->
  <testcase classname="com.crm.CreateContacts.CreateAContactAndVerifyInOrgTest" name="createAContactAndVerifyInOrgTest" time="12.534">
    <skipped/>
  </testcase> <!-- createAContactAndVerifyInOrgTest -->
  <testcase classname="com.crm.CreateContacts.CreateAContactAndVerifyInOrgTest" name="createAContactAndVerifyInOrgTest" time="11.738">
    <skipped/>
  </testcase> <!-- createAContactAndVerifyInOrgTest -->
  <testcase classname="com.crm.CreateContacts.CreateAContactAndVerifyInOrgTest" name="createAContactAndVerifyInOrgTest" time="11.957">
    <skipped/>
  </testcase> <!-- createAContactAndVerifyInOrgTest -->
  <testcase classname="com.crm.CreateContacts.CreateAContactAndVerifyInOrgTest" name="createAContactAndVerifyInOrgTest" time="10.945">
    <failure type="java.lang.AssertionError" message="null">
      <![CDATA[java.lang.AssertionError: null
at com.crm.CreateContacts.CreateAContactAndVerifyInOrgTest.createAContactAndVerifyInOrgTest(CreateAContactAndVerifyInOrgTest.java:74)
at java.base/java.util.ArrayList.forEach(ArrayList.java:1511)
... Removed 29 stack frames]]>
    </failure>
  </testcase> <!-- createAContactAndVerifyInOrgTest -->
</testsuite> <!-- Default test(failed) -->
